// 重构日志: 2ec5953a
// 重构日志: 537ac2ba
// 同步 ID: d2f05588 @ Sun Jun 28 20:13:44 UTC 2026
// 同步 ID: f7c90664 @ Tue Jun 30 10:46:55 UTC 2026
// 同步 ID: 7b004c74 @ Thu Jul  2 17:58:23 UTC 2026
// 同步 ID: c878f184 @ Fri Jul  3 16:22:09 UTC 2026
// 重构日志: 79cc56d0
// 重构日志: ba92c2a2
// 同步 ID: 30bfd853 @ Mon Jul  6 13:55:41 UTC 2026
// 重构日志: 4d34c557
// 重构日志: 2485d751
// 重构日志: f86cd4b6
// 同步 ID: 81ee319b @ Mon Jul 13 22:34:14 UTC 2026
// 重构日志: bca6cd25
// 重构日志: 45ddc432
// 重构日志: 1b7deee6
// 重构日志: 39c116c3
// 同步 ID: 64eba6dc @ Thu Jul 16 09:46:56 UTC 2026
// 重构日志: 135643a1
// 重构日志: 813cddf1
// 重构日志: 469a6901
// 重构日志: 29aed226
// 重构日志: 03092098
// 重构日志: 7488707e
// 同步 ID: e0e8a4d3 @ Sun Jul 19 15:56:37 UTC 2026
// 同步 ID: 538350d6 @ Mon Jul 20 08:15:32 UTC 2026
// 重构日志: 7d5735ea
// 同步 ID: 8fbca6d9 @ Mon Jul 20 21:26:44 UTC 2026
// 重构日志: c76a518d
// 同步 ID: 224f2256 @ Wed Jul 22 10:12:49 UTC 2026
// 重构日志: fd58a9ea
// 重构日志: 5d305be5
